\BOOKMARK [0][-]{chapter*.1}{Abstract}{}% 1
\BOOKMARK [-1][-]{part.1}{I Sejlskibe}{}% 2
\BOOKMARK [0][-]{chapter.1}{Livet p\345 land}{part.1}% 3
\BOOKMARK [0][-]{chapter.2}{Far-Vel}{part.1}% 4
\BOOKMARK [0][-]{chapter.3}{H\370j og lav}{part.1}% 5
\BOOKMARK [0][-]{chapter.4}{Lev vel}{part.1}% 6
\BOOKMARK [0][-]{chapter.5}{Sjov og alvor}{part.1}% 7
\BOOKMARK [0][-]{chapter.6}{Pas p\345!}{part.1}% 8
\BOOKMARK [0][-]{chapter.7}{Den Store Verden}{part.1}% 9
\BOOKMARK [-1][-]{part.2}{II Dampskibe}{}% 10
\BOOKMARK [0][-]{chapter.8}{En landkrappe}{part.2}% 11
\BOOKMARK [0][-]{chapter.9}{Adieu}{part.2}% 12
\BOOKMARK [0][-]{chapter.10}{Op og ned}{part.2}% 13
\BOOKMARK [0][-]{chapter.11}{Hygiejniske forhold}{part.2}% 14
\BOOKMARK [0][-]{chapter.12}{En hyggelig dille}{part.2}% 15
\BOOKMARK [0][-]{chapter.13}{Advarsel}{part.2}% 16
\BOOKMARK [0][-]{chapter.14}{P\345 kimmingens h\370jkant}{part.2}% 17
\BOOKMARK [-1][-]{part.3}{III Coastere}{}% 18
\BOOKMARK [0][-]{chapter.15}{T\370rre t\346er}{part.3}% 19
\BOOKMARK [0][-]{chapter.16}{Afskeden}{part.3}% 20
\BOOKMARK [0][-]{chapter.17}{Hips om haps}{part.3}% 21
\BOOKMARK [0][-]{chapter.18}{Levnedsomst\346ndigheder}{part.3}% 22
\BOOKMARK [0][-]{chapter.19}{Afveksling}{part.3}% 23
\BOOKMARK [0][-]{chapter.20}{De vilde vover}{part.3}% 24
\BOOKMARK [0][-]{chapter.21}{Lidt p\345 kanten}{part.3}% 25
\BOOKMARK [-1][-]{part.4}{IV Containerskibe}{}% 26
\BOOKMARK [0][-]{chapter.22}{Livet p\345 land}{part.4}% 27
\BOOKMARK [0][-]{chapter.23}{Det f\370rste dyp}{part.4}% 28
\BOOKMARK [0][-]{chapter.24}{Bes\346tningen}{part.4}% 29
\BOOKMARK [0][-]{chapter.25}{Opfordringen}{part.4}% 30
\BOOKMARK [0][-]{chapter.26}{Fritid eller levetid?}{part.4}% 31
\BOOKMARK [0][-]{chapter.27}{Arbejdsvilk\345r}{part.4}% 32
\BOOKMARK [0][-]{chapter.28}{Verdenens omv\346ltning}{part.4}% 33
